F:\64CHANNELS EMG\ARRAY_SEMG-ADS1298_MONITOR-MASTER\ADS1298_MONITOR\WIN32\DEBUG\QCUSTOMPLOT.OBJ
F:\64CHANNELS EMG\ARRAY_SEMG-ADS1298_MONITOR-MASTER\ADS1298_MONITOR\WIN32\DEBUG\IIRFILTER.OBJ
F:\64CHANNELS EMG\ARRAY_SEMG-ADS1298_MONITOR-MASTER\ADS1298_MONITOR\WIN32\DEBUG\MOC_QCUSTOMPLOT.OBJ
F:\64CHANNELS EMG\ARRAY_SEMG-ADS1298_MONITOR-MASTER\ADS1298_MONITOR\WIN32\DEBUG\MOC_ADS1298DECODER.OBJ
F:\64CHANNELS EMG\ARRAY_SEMG-ADS1298_MONITOR-MASTER\ADS1298_MONITOR\GENERATEDFILES\UI_FFTDIALOG.H
F:\64CHANNELS EMG\ARRAY_SEMG-ADS1298_MONITOR-MASTER\ADS1298_MONITOR\GENERATEDFILES\UI_MAINWINDOW.H
F:\64CHANNELS EMG\ARRAY_SEMG-ADS1298_MONITOR-MASTER\ADS1298_MONITOR\GENERATEDFILES\QRC_LED_ICON.CPP
F:\64CHANNELS EMG\ARRAY_SEMG-ADS1298_MONITOR-MASTER\ADS1298_MONITOR\DEBUG\MOC_ADS1298DECODER.CPP
F:\64CHANNELS EMG\ARRAY_SEMG-ADS1298_MONITOR-MASTER\ADS1298_MONITOR\DEBUG\MOC_FFTDIALOG.CPP
F:\64CHANNELS EMG\ARRAY_SEMG-ADS1298_MONITOR-MASTER\ADS1298_MONITOR\DEBUG\MOC_MAINWINDOW.CPP
F:\64CHANNELS EMG\ARRAY_SEMG-ADS1298_MONITOR-MASTER\ADS1298_MONITOR\DEBUG\MOC_QCUSTOMPLOT.CPP
F:\64channels EMG\array_semg-ADS1298_Monitor-master\ADS1298_Monitor\Win32\Debug\iirfilter.obj
F:\64channels EMG\array_semg-ADS1298_Monitor-master\ADS1298_Monitor\Win32\Debug\moc_ads1298decoder.obj
F:\64channels EMG\array_semg-ADS1298_Monitor-master\ADS1298_Monitor\Win32\Debug\moc_qcustomplot.obj
F:\64channels EMG\array_semg-ADS1298_Monitor-master\ADS1298_Monitor\Win32\Debug\qcustomplot.obj
F:\64channels EMG\array_semg-ADS1298_Monitor-master\ADS1298_Monitor\Win32\Debug\cl.command.1.tlog
F:\64channels EMG\array_semg-ADS1298_Monitor-master\ADS1298_Monitor\Win32\Debug\CL.read.1.tlog
F:\64channels EMG\array_semg-ADS1298_Monitor-master\ADS1298_Monitor\Win32\Debug\CL.write.1.tlog
F:\64channels EMG\array_semg-ADS1298_Monitor-master\ADS1298_Monitor\Win32\Debug\custombuild.command.1.tlog
F:\64channels EMG\array_semg-ADS1298_Monitor-master\ADS1298_Monitor\Win32\Debug\custombuild.read.1.tlog
F:\64channels EMG\array_semg-ADS1298_Monitor-master\ADS1298_Monitor\Win32\Debug\custombuild.write.1.tlog
F:\64channels EMG\array_semg-ADS1298_Monitor-master\ADS1298_Monitor\Win32\Debug\vc110.pdb
