生成启动时间为 2019/3/2 10:01:13。
     1>项目“F:\64channels EMG\array_semg-ADS1298_Monitor-master\ADS1298_Monitor\ADS1298_Monitor.vcxproj”在节点 2 上(Build 个目标)。
     1>C:\Program Files (x86)\MSBuild\Microsoft.Cpp\v4.0\V110\Microsoft.CppBuild.targets(345,5): warning MSB8004: Intermediate Directory does not end with a trailing slash.  This build instance will add the slash as it is required to allow proper evaluation of the Intermediate Directory.
     1>CustomBuild:
         Moc'ing ads1298decoder.h...
         Moc'ing fftdialog.h...
         Moc'ing mainwindow.h...
         Moc'ing qcustomplot.h...
         Uic'ing dialogs\fftdialog.ui...
         Uic'ing mainwindow.ui...
         Rcc'ing led_icon.qrc...
       ClCompile:
         C:\Program Files (x86)\Microsoft Visual Studio 11.0\VC\bin\CL.exe /c /I. /Ifftw3 /IC:\Qt\Qt5.5.0\5.5\msvc2012\include /IC:\Qt\Qt5.5.0\5.5\msvc2012\include\QtPrintSupport /IC:\Qt\Qt5.5.0\5.5\msvc2012\include\QtWidgets /IC:\Qt\Qt5.5.0\5.5\msvc2012\include\QtGui /IC:\Qt\Qt5.5.0\5.5\msvc2012\include\QtANGLE /IC:\Qt\Qt5.5.0\5.5\msvc2012\include\QtSerialPort /IC:\Qt\Qt5.5.0\5.5\msvc2012\include\QtNetwork /IC:\Qt\Qt5.5.0\5.5\msvc2012\include\QtCore /Idebug /I. /I"C:\Qt\Qt5.5.0\5.5\msvc2012\mkspecs\win32-msvc2012" /I.\GeneratedFiles /Zi /nologo /W3 /WX- /Od /Oy- /D _WINDOWS /D UNICODE /D WIN32 /D QT_PRINTSUPPORT_LIB /D QT_WIDGETS_LIB /D QT_GUI_LIB /D QT_SERIALPORT_LIB /D QT_NETWORK_LIB /D QT_CORE_LIB /Gm- /EHsc /MDd /GS /fp:precise /Zc:wchar_t /Zc:forScope /GR /Fo"Win32\Debug\\" /Fd"Win32\Debug\vc110.pdb" /Gd /TP /analyze- /errorReport:prompt -w34100 -w34189 -w44996 ads1298decoder.cpp Debug\moc_ads1298decoder.cpp Debug\moc_fftdialog.cpp Debug\moc_mainwindow.cpp Debug\moc_qcustomplot.cpp dialogs\fftdialog.cpp iirfilter.cpp main.cpp mainwindow.cpp qcustomplot.cpp
         ads1298decoder.cpp
         moc_ads1298decoder.cpp
         moc_fftdialog.cpp
         moc_mainwindow.cpp
         moc_qcustomplot.cpp
         fftdialog.cpp
         iirfilter.cpp
         main.cpp
         mainwindow.cpp
     1>mainwindow.cpp(7): warning C4305: “初始化”: 从“double”到“float”截断
     1>mainwindow.cpp(9): warning C4305: “初始化”: 从“double”到“float”截断
     1>mainwindow.cpp(10): warning C4305: “初始化”: 从“double”到“float”截断
     1>mainwindow.cpp(11): warning C4305: “初始化”: 从“double”到“float”截断
     1>mainwindow.cpp(12): warning C4305: “初始化”: 从“double”到“float”截断
     1>mainwindow.cpp(14): warning C4305: “初始化”: 从“double”到“float”截断
     1>mainwindow.cpp(15): warning C4305: “初始化”: 从“double”到“float”截断
     1>mainwindow.cpp(256): warning C4100: “index”: 未引用的形参
     1>mainwindow.cpp(440): warning C4258: “i”: 忽略 For 循环中的定义；使用封闭范围中的定义
                 mainwindow.cpp(434) : 忽略“i”的定义
                 mainwindow.cpp(426) : 使用“i”的定义
     1>mainwindow.cpp(479): warning C4100: “arg2”: 未引用的形参
     1>mainwindow.cpp(479): warning C4100: “arg1”: 未引用的形参
         qcustomplot.cpp
         正在生成代码...
         C:\Program Files (x86)\Microsoft Visual Studio 11.0\VC\bin\CL.exe /c /I. /Ifftw3 /IC:\Qt\Qt5.5.0\5.5\msvc2012\include /IC:\Qt\Qt5.5.0\5.5\msvc2012\include\QtPrintSupport /IC:\Qt\Qt5.5.0\5.5\msvc2012\include\QtWidgets /IC:\Qt\Qt5.5.0\5.5\msvc2012\include\QtGui /IC:\Qt\Qt5.5.0\5.5\msvc2012\include\QtANGLE /IC:\Qt\Qt5.5.0\5.5\msvc2012\include\QtSerialPort /IC:\Qt\Qt5.5.0\5.5\msvc2012\include\QtNetwork /IC:\Qt\Qt5.5.0\5.5\msvc2012\include\QtCore /Idebug /I. /I"C:\Qt\Qt5.5.0\5.5\msvc2012\mkspecs\win32-msvc2012" /I.\GeneratedFiles /Zi /nologo /W3 /WX- /Od /Oy- /D _WINDOWS /D UNICODE /D WIN32 /D QT_PRINTSUPPORT_LIB /D QT_WIDGETS_LIB /D QT_GUI_LIB /D QT_SERIALPORT_LIB /D QT_NETWORK_LIB /D QT_CORE_LIB /Gm- /EHsc /MDd /GS /fp:precise /Zc:wchar_t /Zc:forScope /GR /Fo"Win32\Debug\\" /Fd"Win32\Debug\vc110.pdb" /Gd /TP /analyze- /errorReport:prompt -w34100 -w34189 -w44996 GeneratedFiles\qrc_led_icon.cpp
         qrc_led_icon.cpp
       Link:
         C:\Program Files (x86)\Microsoft Visual Studio 11.0\VC\bin\link.exe /ERRORREPORT:PROMPT /OUT:"debug\\ADS1298_Monitor.exe" /NOLOGO /LIBPATH:C:\Qt\Qt5.5.0\5.5\msvc2012\lib /LIBPATH:C:/qt/qt5.5.0/5.5/msvc2012/lib /LIBPATH:C:\Qt\Qt5.5.0\5.5\msvc2012\lib /LIBPATH:"F:\64channels EMG\array_semg-ADS1298_Monitor-master\ADS1298_Monitor\fftw3\\" C:\Qt\Qt5.5.0\5.5\msvc2012\lib\qtmaind.lib shell32.lib C:/qt/qt5.5.0/5.5/msvc2012/lib\Qt5Cored.lib "F:\64channels EMG\array_semg-ADS1298_Monitor-master\ADS1298_Monitor\fftw3\\libfftw3-3.lib" C:\Qt\Qt5.5.0\5.5\msvc2012\lib\Qt5PrintSupportd.lib C:\Qt\Qt5.5.0\5.5\msvc2012\lib\Qt5Widgetsd.lib C:\Qt\Qt5.5.0\5.5\msvc2012\lib\Qt5Guid.lib C:\Qt\Qt5.5.0\5.5\msvc2012\lib\Qt5SerialPortd.lib C:\Qt\Qt5.5.0\5.5\msvc2012\lib\Qt5Networkd.lib C:\Qt\Qt5.5.0\5.5\msvc2012\lib\Qt5Cored.lib kernel32.lib user32.lib gdi32.lib winspool.lib comdlg32.lib advapi32.lib shell32.lib ole32.lib oleaut32.lib uuid.lib odbc32.lib odbccp32.lib /MANIFEST /MANIFESTUAC:"level='asInvoker' uiAccess='false'" /manifest:embed /DEBUG /PDB:"debug\ADS1298_Monitor.pdb" /SUBSYSTEM:WINDOWS /TLBID:1 /DYNAMICBASE /NXCOMPAT /MACHINE:X86 /SAFESEH "/MANIFESTDEPENDENCY:type='win32' name='Microsoft.Windows.Common-Controls' version='6.0.0.0' publicKeyToken='6595b64144ccf1df' language='*' processorArchitecture='*'" Win32\Debug\ads1298decoder.obj
         Win32\Debug\moc_ads1298decoder.obj
         Win32\Debug\moc_fftdialog.obj
         Win32\Debug\moc_mainwindow.obj
         Win32\Debug\moc_qcustomplot.obj
         Win32\Debug\fftdialog.obj
         Win32\Debug\qrc_led_icon.obj
         Win32\Debug\iirfilter.obj
         Win32\Debug\main.obj
         Win32\Debug\mainwindow.obj
         Win32\Debug\qcustomplot.obj
     1>fftdialog.obj : error LNK2019: 无法解析的外部符号 __imp__fftw_execute，该符号在函数 "public: void __thiscall FFTDialog::addFFTPlot(class QList<double> *)" (?addFFTPlot@FFTDialog@@QAEXPAV?$QList@N@@@Z) 中被引用
     1>fftdialog.obj : error LNK2019: 无法解析的外部符号 __imp__fftw_plan_dft_1d，该符号在函数 "public: void __thiscall FFTDialog::addFFTPlot(class QList<double> *)" (?addFFTPlot@FFTDialog@@QAEXPAV?$QList@N@@@Z) 中被引用
     1>fftdialog.obj : error LNK2019: 无法解析的外部符号 __imp__fftw_destroy_plan，该符号在函数 "public: void __thiscall FFTDialog::addFFTPlot(class QList<double> *)" (?addFFTPlot@FFTDialog@@QAEXPAV?$QList@N@@@Z) 中被引用
     1>fftdialog.obj : error LNK2019: 无法解析的外部符号 __imp__fftw_malloc，该符号在函数 "public: void __thiscall FFTDialog::addFFTPlot(class QList<double> *)" (?addFFTPlot@FFTDialog@@QAEXPAV?$QList@N@@@Z) 中被引用
     1>fftdialog.obj : error LNK2019: 无法解析的外部符号 __imp__fftw_free，该符号在函数 "public: void __thiscall FFTDialog::addFFTPlot(class QList<double> *)" (?addFFTPlot@FFTDialog@@QAEXPAV?$QList@N@@@Z) 中被引用
     1>debug\\ADS1298_Monitor.exe : fatal error LNK1120: 5 个无法解析的外部命令
     1>已完成生成项目“F:\64channels EMG\array_semg-ADS1298_Monitor-master\ADS1298_Monitor\ADS1298_Monitor.vcxproj”(Build 个目标)的操作 - 失败。

生成失败。

已用时间 00:00:21.22
