  Generate moc_predefs.h
  Uic'ing dialogs\fftdialog.ui...
  Uic'ing mainwindow.ui...
  Rcc'ing led_icon.qrc...
  Moc'ing ads1298decoder.h...
  Moc'ing dialogs\fftdialog.h...
  Moc'ing mainwindow.h...
  Moc'ing qcustomplot.h...
  ads1298decoder.cpp
  fftdialog.cpp
  iirfilter.cpp
  main.cpp
  mainwindow.cpp
  qcustomplot.cpp
  qrc_led_icon.cpp
  moc_ads1298decoder.cpp
  moc_fftdialog.cpp
  moc_mainwindow.cpp
  moc_qcustomplot.cpp
C:\Users\16413\Desktop\array_semg-ADS1298_Monitor-master\array_semg-ADS1298_Monitor-master\ADS1298_Monitor\mainwindow.cpp(7,84): warning C4305:  “初始化”: 从“double”到“float”截断
C:\Users\16413\Desktop\array_semg-ADS1298_Monitor-master\array_semg-ADS1298_Monitor-master\ADS1298_Monitor\mainwindow.cpp(10,76): warning C4305:  “初始化”: 从“double”到“float”截断
C:\Users\16413\Desktop\array_semg-ADS1298_Monitor-master\array_semg-ADS1298_Monitor-master\ADS1298_Monitor\mainwindow.cpp(12,76): warning C4305:  “初始化”: 从“double”到“float”截断
C:\Users\16413\Desktop\array_semg-ADS1298_Monitor-master\array_semg-ADS1298_Monitor-master\ADS1298_Monitor\mainwindow.cpp(13,72): warning C4305:  “初始化”: 从“double”到“float”截断
C:\Users\16413\Desktop\array_semg-ADS1298_Monitor-master\array_semg-ADS1298_Monitor-master\ADS1298_Monitor\mainwindow.cpp(14,60): warning C4305:  “初始化”: 从“double”到“float”截断
C:\Users\16413\Desktop\array_semg-ADS1298_Monitor-master\array_semg-ADS1298_Monitor-master\ADS1298_Monitor\mainwindow.cpp(303,33): error C2664:  “void MainWindow::log(QString &)”: 无法将参数 1 从“QString”转换为“QString &”
C:\Users\16413\Desktop\array_semg-ADS1298_Monitor-master\array_semg-ADS1298_Monitor-master\ADS1298_Monitor\mainwindow.cpp(303,24): message :  非常量引用只能绑定到左值
C:\Users\16413\Desktop\array_semg-ADS1298_Monitor-master\array_semg-ADS1298_Monitor-master\ADS1298_Monitor\mainwindow.cpp(309,51): error C2664:  “void MainWindow::log(QString &)”: 无法将参数 1 从“QString”转换为“QString &”
C:\Users\16413\Desktop\array_semg-ADS1298_Monitor-master\array_semg-ADS1298_Monitor-master\ADS1298_Monitor\mainwindow.cpp(309,44): message :  非常量引用只能绑定到左值
C:\Users\16413\Desktop\array_semg-ADS1298_Monitor-master\array_semg-ADS1298_Monitor-master\ADS1298_Monitor\mainwindow.cpp(546,41): error C2664:  “void MainWindow::log(QString &)”: 无法将参数 1 从“QString”转换为“QString &”
C:\Users\16413\Desktop\array_semg-ADS1298_Monitor-master\array_semg-ADS1298_Monitor-master\ADS1298_Monitor\mainwindow.cpp(546,19): message :  非常量引用只能绑定到左值
