c:\users\16413\desktop\array_semg-ads1298_monitor-master\array_semg-ads1298_monitor-master\ads1298_monitor\ui_fftdialog.h
c:\users\16413\desktop\array_semg-ads1298_monitor-master\array_semg-ads1298_monitor-master\ads1298_monitor\ui_mainwindow.h
c:\users\16413\desktop\array_semg-ads1298_monitor-master\array_semg-ads1298_monitor-master\ads1298_monitor\debug\qrc_led_icon.cpp
c:\users\16413\desktop\array_semg-ads1298_monitor-master\array_semg-ads1298_monitor-master\ads1298_monitor\debug\moc_ads1298decoder.cpp
c:\users\16413\desktop\array_semg-ads1298_monitor-master\array_semg-ads1298_monitor-master\ads1298_monitor\debug\moc_fftdialog.cpp
c:\users\16413\desktop\array_semg-ads1298_monitor-master\array_semg-ads1298_monitor-master\ads1298_monitor\debug\moc_mainwindow.cpp
c:\users\16413\desktop\array_semg-ads1298_monitor-master\array_semg-ads1298_monitor-master\ads1298_monitor\debug\moc_qcustomplot.cpp
c:\users\16413\desktop\array_semg-ads1298_monitor-master\array_semg-ads1298_monitor-master\ads1298_monitor\x64\debug\moc_ads1298decoder.obj
c:\users\16413\desktop\array_semg-ads1298_monitor-master\array_semg-ads1298_monitor-master\ads1298_monitor\x64\debug\iirfilter.obj
c:\users\16413\desktop\array_semg-ads1298_monitor-master\array_semg-ads1298_monitor-master\ads1298_monitor\x64\debug\moc_mainwindow.obj
c:\users\16413\desktop\array_semg-ads1298_monitor-master\array_semg-ads1298_monitor-master\ads1298_monitor\x64\debug\qcustomplot.obj
c:\users\16413\desktop\array_semg-ads1298_monitor-master\array_semg-ads1298_monitor-master\ads1298_monitor\x64\debug\main.obj
c:\users\16413\desktop\array_semg-ads1298_monitor-master\array_semg-ads1298_monitor-master\ads1298_monitor\x64\debug\fftdialog.obj
c:\users\16413\desktop\array_semg-ads1298_monitor-master\array_semg-ads1298_monitor-master\ads1298_monitor\x64\debug\qrc_led_icon.obj
c:\users\16413\desktop\array_semg-ads1298_monitor-master\array_semg-ads1298_monitor-master\ads1298_monitor\x64\debug\moc_fftdialog.obj
c:\users\16413\desktop\array_semg-ads1298_monitor-master\array_semg-ads1298_monitor-master\ads1298_monitor\x64\debug\moc_qcustomplot.obj
c:\users\16413\desktop\array_semg-ads1298_monitor-master\array_semg-ads1298_monitor-master\ads1298_monitor\x64\debug\ads1298decoder.obj
c:\users\16413\desktop\array_semg-ads1298_monitor-master\array_semg-ads1298_monitor-master\ads1298_monitor\debug\moc_predefs.h
c:\users\16413\desktop\array_semg-ads1298_monitor-master\array_semg-ads1298_monitor-master\ads1298_monitor\x64\debug\vc142.pdb
c:\users\16413\desktop\array_semg-ads1298_monitor-master\array_semg-ads1298_monitor-master\ads1298_monitor\x64\debug\ads1298_monitor.tlog\ads1298_monitor.write.1u.tlog
c:\users\16413\desktop\array_semg-ads1298_monitor-master\array_semg-ads1298_monitor-master\ads1298_monitor\x64\debug\ads1298_monitor.tlog\cl.15656.write.1.tlog
c:\users\16413\desktop\array_semg-ads1298_monitor-master\array_semg-ads1298_monitor-master\ads1298_monitor\x64\debug\ads1298_monitor.tlog\cl.command.1.tlog
c:\users\16413\desktop\array_semg-ads1298_monitor-master\array_semg-ads1298_monitor-master\ads1298_monitor\x64\debug\ads1298_monitor.tlog\cl.read.1.tlog
c:\users\16413\desktop\array_semg-ads1298_monitor-master\array_semg-ads1298_monitor-master\ads1298_monitor\x64\debug\ads1298_monitor.tlog\custombuild.command.1.tlog
c:\users\16413\desktop\array_semg-ads1298_monitor-master\array_semg-ads1298_monitor-master\ads1298_monitor\x64\debug\ads1298_monitor.tlog\custombuild.read.1.tlog
c:\users\16413\desktop\array_semg-ads1298_monitor-master\array_semg-ads1298_monitor-master\ads1298_monitor\x64\debug\ads1298_monitor.tlog\custombuild.write.1.tlog
c:\users\16413\desktop\array_semg-ads1298_monitor-master\array_semg-ads1298_monitor-master\ads1298_monitor\x64\debug\ads1298_monitor.tlog\moc.read.1u.tlog
c:\users\16413\desktop\array_semg-ads1298_monitor-master\array_semg-ads1298_monitor-master\ads1298_monitor\x64\debug\ads1298_monitor.tlog\moc.write.1u.tlog
c:\users\16413\desktop\array_semg-ads1298_monitor-master\array_semg-ads1298_monitor-master\ads1298_monitor\x64\debug\ads1298_monitor.tlog\rcc.read.1u.tlog
c:\users\16413\desktop\array_semg-ads1298_monitor-master\array_semg-ads1298_monitor-master\ads1298_monitor\x64\debug\ads1298_monitor.tlog\rcc.write.1u.tlog
c:\users\16413\desktop\array_semg-ads1298_monitor-master\array_semg-ads1298_monitor-master\ads1298_monitor\x64\debug\ads1298_monitor.tlog\uic.read.1u.tlog
c:\users\16413\desktop\array_semg-ads1298_monitor-master\array_semg-ads1298_monitor-master\ads1298_monitor\x64\debug\ads1298_monitor.tlog\uic.write.1u.tlog
